17:41:41.814 [main                     ] DEBUG Logger               - Configured Logger
17:41:41.842 [main                     ] DEBUG GameApplication      - Logging settings
Title: Flappy Bird Mock
Version: 1.0
Width: 1280
Height: 720
Fullscreen: false
Intro: false
Profiling: false
Single step:false
App Mode: DEVELOPER
Menu Key: ESCAPE
Stage Style: DECORATED
Scene Factory: class com.almasb.fxgl.app.scene.SceneFactory

17:41:42.297 [JavaFX Application Thread] DEBUG FXGLApplication      - Initializing FXGL
17:41:42.302 [JavaFX Application Thread] INFO  Engine               - FXGL-17.1 (24.03.2022 17.34) on WINDOWS (J:19.0.2 FX:18)
17:41:42.303 [JavaFX Application Thread] DEBUG Engine               - JRE Vendor Name: Oracle Corporation
17:41:42.303 [JavaFX Application Thread] DEBUG Engine               - Running on OS: Windows 11 version 10.0
17:41:42.303 [JavaFX Application Thread] DEBUG Engine               - Architecture: amd64
17:41:42.303 [JavaFX Application Thread] INFO  Engine               - Source code and latest versions at: https://github.com/AlmasB/FXGL
17:41:42.303 [JavaFX Application Thread] INFO  Engine               -       Ask questions and discuss at: https://github.com/AlmasB/FXGL/discussions
17:41:42.304 [JavaFX Application Thread] INFO  Engine               -              Join the FXGL chat at: https://gitter.im/AlmasB/FXGL
17:41:42.429 [JavaFX Application Thread] DEBUG PrimaryStageWindow   - Creating a JavaFX scene
17:41:42.477 [JavaFX Application Thread] DEBUG PrimaryStageWindow   - Target settings size: 1280.0 x 720.0
17:41:42.477 [JavaFX Application Thread] DEBUG PrimaryStageWindow   - Scaled scene size:    1280.0 x 720.0
17:41:42.477 [JavaFX Application Thread] DEBUG PrimaryStageWindow   - Scaled ratio: (1.0, 1.0)
17:41:42.478 [JavaFX Application Thread] DEBUG PrimaryStageWindow   - Set initial scene to FXGLStartupScene
17:41:42.486 [JavaFX Application Thread] DEBUG PrimaryStageWindow   - Opening main window
17:41:42.578 [JavaFX Application Thread] DEBUG PrimaryStageWindow   - Window border size: (14.4000244140625, 37.5999755859375)
17:41:42.579 [JavaFX Application Thread] DEBUG PrimaryStageWindow   - Scaled size: 1280.0 x 720.0
17:41:42.580 [JavaFX Application Thread] DEBUG PrimaryStageWindow   - Scaled ratio: (1.0, 1.0)
17:41:42.580 [JavaFX Application Thread] DEBUG PrimaryStageWindow   - Scene size: 1280.0 x 720.0
17:41:42.580 [JavaFX Application Thread] DEBUG PrimaryStageWindow   - Stage size: 1294.4000244140625 x 757.5999755859375
17:41:42.589 [FXGL Background Thread 1 ] DEBUG Engine               - Initializing environment variables
17:41:42.655 [FXGL Background Thread 1 ] DEBUG FXGLAssetLoaderServi - User app class for loading assets: class org.example.FlappyBirdGame
17:41:42.655 [FXGL Background Thread 1 ] DEBUG GameApplicationServi - Applying CSS: fxgl_dark.css
17:41:42.656 [FXGL Background Thread 1 ] DEBUG FXGLAssetLoaderServi - Loading from file system: jar:file:/C:/Users/SSher/.m2/repository/com/github/almasb/fxgl/17.1/fxgl-17.1.jar!/fxglassets/ui/css/fxgl_dark.css
17:41:42.706 [FXGL Background Thread 1 ] DEBUG GameApplicationServi - Initializing application scenes
17:41:42.760 [FXGL Background Thread 1 ] DEBUG GameWorld            - Game world initialized
17:41:42.839 [FXGL Background Thread 1 ] DEBUG PhysicsWorld         - Physics world initialized: appHeight=720, physics.ppm=50.0
17:41:42.839 [FXGL Background Thread 1 ] DEBUG PhysicsWorld         - Using strategy: BRUTE_FORCE
17:41:42.845 [FXGL Background Thread 1 ] DEBUG GameScene            - Game scene initialized: 1280x720
17:41:42.869 [FXGL Background Thread 1 ] DEBUG FXGL.DefaultMenu     - createMenuBodyGameMenu()
17:41:42.893 [FXGL Background Thread 1 ] DEBUG FXGL.DefaultMenu     - createOptionsMenu()
17:41:42.911 [FXGL Background Thread 1 ] DEBUG FXGLAssetLoaderServi - Loading from file system: jar:file:/C:/Users/SSher/.m2/repository/com/github/almasb/fxgl/17.1/fxgl-17.1.jar!/fxglassets/textures/particles/smoke.png
17:41:43.031 [FXGL Background Thread 1 ] DEBUG FXGLAssetLoaderServi - Loading from file system: jar:file:/C:/Users/SSher/.m2/repository/com/github/almasb/fxgl/17.1/fxgl-17.1.jar!/fxglassets/textures/particles/trace_horizontal.png
17:41:43.066 [FXGL Background Thread 1 ] DEBUG GameApplicationServi - Application scenes initialized
17:41:43.082 [FXGL Background Thread 1 ] DEBUG SystemBundleService  - Loading FXGL system data
17:41:43.088 [FXGL Background Thread 1 ] DEBUG FileSystemAccess     - Reading from: C:\Users\SSher\FlappyBird\system\fxgl.bundle
17:41:43.100 [FXGL Background Thread 1 ] DEBUG SystemBundleService  - Bundle FXGL: {}
17:41:43.100 [FXGL Background Thread 1 ] DEBUG UpdaterService       - Checking for updates
17:41:43.104 [FXGL Background Thread 4 ] DEBUG FXGLApplication      - Loading fonts
17:41:43.105 [FXGL Background Thread 1 ] DEBUG FXGLApplication      - Loading default localization
17:41:43.105 [FXGL Background Thread 4 ] DEBUG FXGLAssetLoaderServi - Loading from file system: jar:file:/C:/Users/SSher/.m2/repository/com/github/almasb/fxgl/17.1/fxgl-17.1.jar!/fxglassets/ui/fonts/VarelaRound-Regular.ttf
17:41:43.106 [FXGL Background Thread 1 ] DEBUG FXGLAssetLoaderServi - Loading from file system: jar:file:/C:/Users/SSher/.m2/repository/com/github/almasb/fxgl/17.1/fxgl-17.1.jar!/fxglassets/languages/english.lang
17:41:43.135 [FXGL Background Thread 1 ] INFO  FXGLApplication      - FXGL initialization took: 0.546 sec
17:41:43.147 [JavaFX Application Thread] DEBUG Input                - Registered new binding: jump - Space
17:41:43.147 [JavaFX Application Thread] DEBUG FXGLAssetLoaderServi - Loading from file system: jar:file:/C:/Users/SSher/.m2/repository/com/github/almasb/fxgl/17.1/fxgl-17.1.jar!/fxglassets/textures/fxgl_icon.png
17:41:43.174 [JavaFX Application Thread] DEBUG FXGLAssetLoaderServi - Loading from file system: jar:file:/C:/Users/SSher/.m2/repository/com/github/almasb/fxgl/17.1/fxgl-17.1.jar!/fxglassets/textures/fxgl_default_cursor.png
17:41:43.178 [JavaFX Application Thread] DEBUG Input                - Registered new binding: Screenshot - CTRL+8
17:41:43.179 [JavaFX Application Thread] DEBUG Input                - Registered new binding: System info dump - CTRL+9
17:41:43.180 [JavaFX Application Thread] DEBUG Input                - Registered new binding: Restart - CTRL+R
17:41:43.183 [JavaFX Application Thread] DEBUG Input                - Registered new binding: Toggle Debug Camera - CTRL+7
17:41:43.193 [JavaFX Application Thread] DEBUG LoopRunner           - Starting loop
17:41:43.193 [JavaFX Application Thread] DEBUG LoopRunner           - Initializing JavaFX AnimationTimerLoop
17:41:43.200 [JavaFX Application Thread] DEBUG GameApplicationServi - Starting new game
17:41:43.201 [JavaFX Application Thread] DEBUG Input                - Clearing active input actions
17:41:43.213 [FXGL Background Thread 4 ] DEBUG FXGLAssetLoaderServi - Loading from file system: jar:file:/C:/Users/SSher/.m2/repository/com/github/almasb/fxgl/17.1/fxgl-17.1.jar!/fxglassets/ui/fonts/Abel-Regular.ttf
17:41:43.219 [JavaFX Application Thread] DEBUG GameApplicationServi - Removing overlay from FXGLStartupScene and adding to FXGLLoadingScene
17:41:43.220 [JavaFX Application Thread] DEBUG PrimaryStageWindow   - FXGLStartupScene -> FXGLLoadingScene
17:41:43.220 [JavaFX Application Thread] DEBUG GameApplicationServi - Clearing previous game
17:41:43.220 [JavaFX Application Thread] DEBUG GameScene            - Clearing game scene
17:41:43.220 [JavaFX Application Thread] DEBUG GameWorld            - Clearing game world
17:41:43.220 [JavaFX Application Thread] DEBUG PhysicsWorld         - Clearing physics world
17:41:43.223 [FXGL Background Thread 4 ] DEBUG FXGLAssetLoaderServi - Loading from file system: jar:file:/C:/Users/SSher/.m2/repository/com/github/almasb/fxgl/17.1/fxgl-17.1.jar!/fxglassets/ui/fonts/TerminalLandMono-Regular.otf
17:41:43.224 [FXGL Background Thread 1 ] DEBUG FXGLApplication      - Initializing game
17:41:43.237 [FXGL Background Thread 1 ] DEBUG FXGLAssetLoaderServi - Loading from file system: file:/C:/Users/SSher/FlappyBird/target/classes/assets/textures/bird.png
17:41:43.244 [FXGL Background Thread 4 ] DEBUG FXGLAssetLoaderServi - Loading from file system: jar:file:/C:/Users/SSher/.m2/repository/com/github/almasb/fxgl/17.1/fxgl-17.1.jar!/fxglassets/ui/fonts/Courier-Prime.ttf
17:41:43.284 [FXGL Background Thread 1 ] WARN  GameWorld            - Entity is already attached to world
17:41:43.292 [FXGL Background Thread 1 ] INFO  FXGLApplication      - Game initialization took: 0.068 sec
17:41:43.294 [JavaFX Application Thread] DEBUG FXGLApplication      - Registering font factories with UI factory
17:41:43.296 [JavaFX Application Thread] DEBUG Input                - Clearing active input actions
17:41:43.306 [JavaFX Application Thread] DEBUG GameApplicationServi - Removing overlay from FXGLLoadingScene and adding to GameScene
17:41:43.306 [JavaFX Application Thread] DEBUG PrimaryStageWindow   - FXGLLoadingScene -> GameScene
17:41:43.541 [FXGL Background Thread 2 ] INFO  UpdaterService       - Your current version:  17.1
17:41:43.541 [FXGL Background Thread 2 ] INFO  UpdaterService       - Latest stable version: 17.3
17:41:46.104 [FXGL Background Thread 3 ] DEBUG Engine               - Logging environment variables
17:41:46.105 [FXGL Background Thread 3 ] DEBUG Engine               - achievements: []
17:41:46.106 [FXGL Background Thread 3 ] DEBUG Engine               - actualHeight: 720.0
17:41:46.106 [FXGL Background Thread 3 ] DEBUG Engine               - actualHeightProperty: ReadOnlyDoubleProperty [value: 720.0]
17:41:46.106 [FXGL Background Thread 3 ] DEBUG Engine               - actualWidth: 1280.0
17:41:46.107 [FXGL Background Thread 3 ] DEBUG Engine               - actualWidthProperty: ReadOnlyDoubleProperty [value: 1280.0]
17:41:46.107 [FXGL Background Thread 3 ] DEBUG Engine               - appIcon: fxgl_icon.png
17:41:46.108 [FXGL Background Thread 3 ] DEBUG Engine               - applicationMode: DEVELOPER
17:41:46.109 [FXGL Background Thread 3 ] DEBUG Engine               - cSSList: [fxgl_dark.css]
17:41:46.109 [FXGL Background Thread 3 ] DEBUG Engine               - collisionDetectionStrategy: BRUTE_FORCE
17:41:46.109 [FXGL Background Thread 3 ] DEBUG Engine               - configClass: Optional.empty
17:41:46.109 [FXGL Background Thread 3 ] DEBUG Engine               - credits: []
17:41:46.111 [FXGL Background Thread 3 ] DEBUG Engine               - defaultCursor: CursorInfo(imageName=fxgl_default_cursor.png, hotspotX=7.0, hotspotY=6.0)
17:41:46.112 [FXGL Background Thread 3 ] DEBUG Engine               - devBBoxColorProperty: ObjectProperty [value: 0xff0000ff]
17:41:46.112 [FXGL Background Thread 3 ] DEBUG Engine               - devEnableDebugCameraProperty: BooleanProperty [value: false]
17:41:46.112 [FXGL Background Thread 3 ] DEBUG Engine               - devSensorColorProperty: ObjectProperty [value: 0xffff00ff]
17:41:46.112 [FXGL Background Thread 3 ] DEBUG Engine               - devShowBBoxProperty: BooleanProperty [value: false]
17:41:46.112 [FXGL Background Thread 3 ] DEBUG Engine               - devShowPositionProperty: BooleanProperty [value: false]
17:41:46.112 [FXGL Background Thread 3 ] DEBUG Engine               - enabledMenuItems: []
17:41:46.112 [FXGL Background Thread 3 ] DEBUG Engine               - engineServices: [class com.almasb.fxgl.app.services.FXGLAssetLoaderService, class com.almasb.fxgl.app.FXGLApplication$GameApplicationService, class com.almasb.fxgl.app.services.FXGLDialogService, class com.almasb.fxgl.app.services.IOTaskExecutorService, class com.almasb.fxgl.io.FileSystemService, class com.almasb.fxgl.localization.LocalizationService, class com.almasb.fxgl.app.services.SystemBundleService, class com.almasb.fxgl.profile.SaveLoadService, class com.almasb.fxgl.ui.FXGLUIFactoryServiceProvider, class com.almasb.fxgl.ui.FXGLDialogFactoryServiceProvider, class com.almasb.fxgl.audio.AudioPlayer, class com.almasb.fxgl.notification.impl.NotificationServiceProvider, class com.almasb.fxgl.achievement.AchievementService, class com.almasb.fxgl.cutscene.CutsceneService, class com.almasb.fxgl.minigames.MiniGameService, class com.almasb.fxgl.net.NetService, class com.almasb.fxgl.app.services.UpdaterService, class com.almasb.fxgl.dev.DevService]
17:41:46.112 [FXGL Background Thread 3 ] DEBUG Engine               - fontGame: Abel-Regular.ttf
17:41:46.112 [FXGL Background Thread 3 ] DEBUG Engine               - fontMono: TerminalLandMono-Regular.otf
17:41:46.113 [FXGL Background Thread 3 ] DEBUG Engine               - fontText: Courier-Prime.ttf
17:41:46.113 [FXGL Background Thread 3 ] DEBUG Engine               - fontUI: VarelaRound-Regular.ttf
17:41:46.113 [FXGL Background Thread 3 ] DEBUG Engine               - fullScreen: BooleanProperty [value: false]
17:41:46.113 [FXGL Background Thread 3 ] DEBUG Engine               - gameDifficulty: MEDIUM
17:41:46.113 [FXGL Background Thread 3 ] DEBUG Engine               - gameDifficultyProperty: ObjectProperty [value: MEDIUM]
17:41:46.113 [FXGL Background Thread 3 ] DEBUG Engine               - globalMusicVolume: 0.5
17:41:46.113 [FXGL Background Thread 3 ] DEBUG Engine               - globalMusicVolumeProperty: DoubleProperty [value: 0.5]
17:41:46.113 [FXGL Background Thread 3 ] DEBUG Engine               - globalSoundVolume: 0.5
17:41:46.113 [FXGL Background Thread 3 ] DEBUG Engine               - globalSoundVolumeProperty: DoubleProperty [value: 0.5]
17:41:46.113 [FXGL Background Thread 3 ] DEBUG Engine               - height: 720
17:41:46.113 [FXGL Background Thread 3 ] DEBUG Engine               - is3D: false
17:41:46.113 [FXGL Background Thread 3 ] DEBUG Engine               - isAndroid: false
17:41:46.113 [FXGL Background Thread 3 ] DEBUG Engine               - isBrowser: false
17:41:46.113 [FXGL Background Thread 3 ] DEBUG Engine               - isClickFeedbackEnabled: false
17:41:46.113 [FXGL Background Thread 3 ] DEBUG Engine               - isCloseConfirmation: false
17:41:46.113 [FXGL Background Thread 3 ] DEBUG Engine               - isDesktop: true
17:41:46.113 [FXGL Background Thread 3 ] DEBUG Engine               - isDeveloperMenuEnabled: false
17:41:46.113 [FXGL Background Thread 3 ] DEBUG Engine               - isEmbedded: false
17:41:46.113 [FXGL Background Thread 3 ] DEBUG Engine               - isEntityPreloadEnabled: true
17:41:46.114 [FXGL Background Thread 3 ] DEBUG Engine               - isExperimentalTiledLargeMap: false
17:41:46.114 [FXGL Background Thread 3 ] DEBUG Engine               - isFileSystemWriteAllowed: true
17:41:46.114 [FXGL Background Thread 3 ] DEBUG Engine               - isFullScreenAllowed: false
17:41:46.114 [FXGL Background Thread 3 ] DEBUG Engine               - isFullScreenFromStart: false
17:41:46.114 [FXGL Background Thread 3 ] DEBUG Engine               - isGameMenuEnabled: true
17:41:46.114 [FXGL Background Thread 3 ] DEBUG Engine               - isIOS: false
17:41:46.114 [FXGL Background Thread 3 ] DEBUG Engine               - isIntroEnabled: false
17:41:46.114 [FXGL Background Thread 3 ] DEBUG Engine               - isLinux: false
17:41:46.115 [FXGL Background Thread 3 ] DEBUG Engine               - isMac: false
17:41:46.115 [FXGL Background Thread 3 ] DEBUG Engine               - isMainMenuEnabled: false
17:41:46.115 [FXGL Background Thread 3 ] DEBUG Engine               - isManualResizeEnabled: false
17:41:46.115 [FXGL Background Thread 3 ] DEBUG Engine               - isMobile: false
17:41:46.115 [FXGL Background Thread 3 ] DEBUG Engine               - isNative: false
17:41:46.116 [FXGL Background Thread 3 ] DEBUG Engine               - isPauseMusicWhenMinimized: true
17:41:46.116 [FXGL Background Thread 3 ] DEBUG Engine               - isPreserveResizeRatio: false
17:41:46.116 [FXGL Background Thread 3 ] DEBUG Engine               - isProfilingEnabled: false
17:41:46.116 [FXGL Background Thread 3 ] DEBUG Engine               - isScaleAffectedOnResize: true
17:41:46.116 [FXGL Background Thread 3 ] DEBUG Engine               - isSingleStep: false
17:41:46.116 [FXGL Background Thread 3 ] DEBUG Engine               - isUserProfileEnabled: false
17:41:46.116 [FXGL Background Thread 3 ] DEBUG Engine               - isWindows: true
17:41:46.116 [FXGL Background Thread 3 ] DEBUG Engine               - language: ObjectProperty [value: ENGLISH]
17:41:46.116 [FXGL Background Thread 3 ] DEBUG Engine               - menuKey: ESCAPE
17:41:46.116 [FXGL Background Thread 3 ] DEBUG Engine               - mouseSensitivity: 0.2
17:41:46.116 [FXGL Background Thread 3 ] DEBUG Engine               - notificationViewClass: class com.almasb.fxgl.notification.view.XboxNotificationView
17:41:46.116 [FXGL Background Thread 3 ] DEBUG Engine               - pixelsPerMeter: 50.0
17:41:46.116 [FXGL Background Thread 3 ] DEBUG Engine               - platform: WINDOWS
17:41:46.116 [FXGL Background Thread 3 ] DEBUG Engine               - prefHeightProperty: ReadOnlyDoubleProperty [value: 720.0]
17:41:46.116 [FXGL Background Thread 3 ] DEBUG Engine               - prefWidthProperty: ReadOnlyDoubleProperty [value: 1280.0]
17:41:46.116 [FXGL Background Thread 3 ] DEBUG Engine               - profileDir: profiles/
17:41:46.116 [FXGL Background Thread 3 ] DEBUG Engine               - profileName: StringProperty [value: DEFAULT]
17:41:46.116 [FXGL Background Thread 3 ] DEBUG Engine               - randomSeed: -1
17:41:46.117 [FXGL Background Thread 3 ] DEBUG Engine               - runtimeInfo: RuntimeInfo(platform=WINDOWS, version=17.1, build=24.03.2022 17.34)
17:41:46.117 [FXGL Background Thread 3 ] DEBUG Engine               - saveFileExt: sav
17:41:46.117 [FXGL Background Thread 3 ] DEBUG Engine               - scaledHeightProp$fxgl: DoubleProperty [bound, value: 720.0]
17:41:46.117 [FXGL Background Thread 3 ] DEBUG Engine               - scaledWidthProp$fxgl: DoubleProperty [bound, value: 1280.0]
17:41:46.117 [FXGL Background Thread 3 ] DEBUG Engine               - sceneFactory: com.almasb.fxgl.app.scene.SceneFactory@88a7c10
17:41:46.117 [FXGL Background Thread 3 ] DEBUG Engine               - secondsIn24h: 60
17:41:46.117 [FXGL Background Thread 3 ] DEBUG Engine               - soundMenuBack: menu/back.wav
17:41:46.117 [FXGL Background Thread 3 ] DEBUG Engine               - soundMenuPress: menu/press.wav
17:41:46.118 [FXGL Background Thread 3 ] DEBUG Engine               - soundMenuSelect: menu/select.wav
17:41:46.118 [FXGL Background Thread 3 ] DEBUG Engine               - soundNotification: core/notification.wav
17:41:46.118 [FXGL Background Thread 3 ] DEBUG Engine               - stageStyle: DECORATED
17:41:46.118 [FXGL Background Thread 3 ] DEBUG Engine               - supportedLanguages: [ENGLISH, FRENCH, GERMAN, HUNGARIAN, RUSSIAN]
17:41:46.118 [FXGL Background Thread 3 ] DEBUG Engine               - ticksPerSecond: -1
17:41:46.118 [FXGL Background Thread 3 ] DEBUG Engine               - title: Flappy Bird Mock
17:41:46.118 [FXGL Background Thread 3 ] DEBUG Engine               - urlGithub: https://github.com/AlmasB/FXGL
17:41:46.118 [FXGL Background Thread 3 ] DEBUG Engine               - urlLeaderboard: http://fxgl-top.herokuapp.com/
17:41:46.118 [FXGL Background Thread 3 ] DEBUG Engine               - urlPOM: https://raw.githubusercontent.com/AlmasB/FXGL/release/README.md
17:41:46.118 [FXGL Background Thread 3 ] DEBUG Engine               - userAppClass: class org.example.FlappyBirdGame
17:41:46.118 [FXGL Background Thread 3 ] DEBUG Engine               - version: 1.0
17:41:46.118 [FXGL Background Thread 3 ] DEBUG Engine               - versionCheckDays: 7
17:41:46.118 [FXGL Background Thread 3 ] DEBUG Engine               - width: 1280
17:41:46.118 [FXGL Background Thread 3 ] DEBUG Engine               - Logging services
17:41:46.118 [FXGL Background Thread 3 ] DEBUG Engine               - class com.almasb.fxgl.app.services.FXGLAssetLoaderService
17:41:46.118 [FXGL Background Thread 3 ] DEBUG Engine               - class com.almasb.fxgl.app.FXGLApplication$GameApplicationService
17:41:46.118 [FXGL Background Thread 3 ] DEBUG Engine               - class com.almasb.fxgl.app.services.FXGLDialogService
17:41:46.118 [FXGL Background Thread 3 ] DEBUG Engine               - class com.almasb.fxgl.app.services.IOTaskExecutorService
17:41:46.118 [FXGL Background Thread 3 ] DEBUG Engine               - class com.almasb.fxgl.io.FileSystemService
17:41:46.118 [FXGL Background Thread 3 ] DEBUG Engine               - class com.almasb.fxgl.localization.LocalizationService
17:41:46.118 [FXGL Background Thread 3 ] DEBUG Engine               - class com.almasb.fxgl.app.services.SystemBundleService
17:41:46.118 [FXGL Background Thread 3 ] DEBUG Engine               - class com.almasb.fxgl.profile.SaveLoadService
17:41:46.118 [FXGL Background Thread 3 ] DEBUG Engine               - class com.almasb.fxgl.ui.FXGLUIFactoryServiceProvider
17:41:46.118 [FXGL Background Thread 3 ] DEBUG Engine               - class com.almasb.fxgl.ui.FXGLDialogFactoryServiceProvider
17:41:46.118 [FXGL Background Thread 3 ] DEBUG Engine               - class com.almasb.fxgl.audio.AudioPlayer
17:41:46.118 [FXGL Background Thread 3 ] DEBUG Engine               - class com.almasb.fxgl.notification.impl.NotificationServiceProvider
17:41:46.118 [FXGL Background Thread 3 ] DEBUG Engine               - class com.almasb.fxgl.achievement.AchievementService
17:41:46.118 [FXGL Background Thread 3 ] DEBUG Engine               - class com.almasb.fxgl.cutscene.CutsceneService
17:41:46.118 [FXGL Background Thread 3 ] DEBUG Engine               - class com.almasb.fxgl.minigames.MiniGameService
17:41:46.118 [FXGL Background Thread 3 ] DEBUG Engine               - class com.almasb.fxgl.net.NetService
17:41:46.118 [FXGL Background Thread 3 ] DEBUG Engine               - class com.almasb.fxgl.app.services.UpdaterService
17:41:46.118 [FXGL Background Thread 3 ] DEBUG Engine               - class com.almasb.fxgl.dev.DevService
17:41:49.659 [JavaFX Application Thread] DEBUG Input                - Mocking key press: Space
17:41:49.740 [JavaFX Application Thread] DEBUG Input                - Mocking key release: Space
17:41:49.948 [JavaFX Application Thread] DEBUG Input                - Mocking key press: Space
17:41:50.039 [JavaFX Application Thread] DEBUG Input                - Mocking key release: Space
17:41:50.084 [JavaFX Application Thread] DEBUG Input                - Mocking key press: Space
17:41:50.164 [JavaFX Application Thread] DEBUG Input                - Mocking key release: Space
17:41:50.218 [JavaFX Application Thread] DEBUG Input                - Mocking key press: Space
17:41:50.283 [JavaFX Application Thread] DEBUG Input                - Mocking key release: Space
17:41:50.721 [JavaFX Application Thread] DEBUG Input                - Mocking key press: Space
17:41:50.800 [JavaFX Application Thread] DEBUG Input                - Mocking key release: Space
17:41:51.518 [JavaFX Application Thread] DEBUG Input                - Mocking key press: Space
17:41:51.597 [JavaFX Application Thread] DEBUG Input                - Mocking key release: Space
17:41:51.968 [JavaFX Application Thread] DEBUG Input                - Mocking key press: Space
17:41:52.044 [JavaFX Application Thread] DEBUG Input                - Mocking key release: Space
17:41:53.011 [JavaFX Application Thread] DEBUG FXGLApplication      - Exiting FXGL
17:41:53.011 [JavaFX Application Thread] DEBUG LoopRunner           - Stopping loop
17:41:53.011 [JavaFX Application Thread] DEBUG SystemBundleService  - Saving FXGL system data
17:41:53.013 [JavaFX Application Thread] DEBUG FileSystemAccess     - Writing to: C:\Users\SSher\FlappyBird\system\fxgl.bundle
17:41:53.016 [JavaFX Application Thread] DEBUG Async                - Shutting down background threads
17:41:53.016 [JavaFX Application Thread] DEBUG PrimaryStageWindow   - Closing main window
17:41:53.039 [JavaFX Application Thread] DEBUG Logger               - Closing Logger
