17:58:05.090 [main                     ] DEBUG Logger               - Configured Logger
17:58:05.118 [main                     ] DEBUG GameApplication      - Logging settings
Title: Flappy Bird Mock
Version: 1.0
Width: 1280
Height: 720
Fullscreen: false
Intro: false
Profiling: false
Single step:false
App Mode: DEVELOPER
Menu Key: ESCAPE
Stage Style: DECORATED
Scene Factory: class com.almasb.fxgl.app.scene.SceneFactory

17:58:05.571 [JavaFX Application Thread] DEBUG FXGLApplication      - Initializing FXGL
17:58:05.576 [JavaFX Application Thread] INFO  Engine               - FXGL-17.1 (24.03.2022 17.34) on WINDOWS (J:19.0.2 FX:18)
17:58:05.577 [JavaFX Application Thread] DEBUG Engine               - JRE Vendor Name: Oracle Corporation
17:58:05.577 [JavaFX Application Thread] DEBUG Engine               - Running on OS: Windows 11 version 10.0
17:58:05.577 [JavaFX Application Thread] DEBUG Engine               - Architecture: amd64
17:58:05.577 [JavaFX Application Thread] INFO  Engine               - Source code and latest versions at: https://github.com/AlmasB/FXGL
17:58:05.577 [JavaFX Application Thread] INFO  Engine               -       Ask questions and discuss at: https://github.com/AlmasB/FXGL/discussions
17:58:05.578 [JavaFX Application Thread] INFO  Engine               -              Join the FXGL chat at: https://gitter.im/AlmasB/FXGL
17:58:05.696 [JavaFX Application Thread] DEBUG PrimaryStageWindow   - Creating a JavaFX scene
17:58:05.746 [JavaFX Application Thread] DEBUG PrimaryStageWindow   - Target settings size: 1280.0 x 720.0
17:58:05.746 [JavaFX Application Thread] DEBUG PrimaryStageWindow   - Scaled scene size:    1280.0 x 720.0
17:58:05.746 [JavaFX Application Thread] DEBUG PrimaryStageWindow   - Scaled ratio: (1.0, 1.0)
17:58:05.747 [JavaFX Application Thread] DEBUG PrimaryStageWindow   - Set initial scene to FXGLStartupScene
17:58:05.757 [JavaFX Application Thread] DEBUG PrimaryStageWindow   - Opening main window
17:58:05.864 [JavaFX Application Thread] DEBUG PrimaryStageWindow   - Window border size: (14.4000244140625, 37.5999755859375)
17:58:05.865 [JavaFX Application Thread] DEBUG PrimaryStageWindow   - Scaled size: 1280.0 x 720.0
17:58:05.865 [JavaFX Application Thread] DEBUG PrimaryStageWindow   - Scaled ratio: (1.0, 1.0)
17:58:05.865 [JavaFX Application Thread] DEBUG PrimaryStageWindow   - Scene size: 1280.0 x 720.0
17:58:05.866 [JavaFX Application Thread] DEBUG PrimaryStageWindow   - Stage size: 1294.4000244140625 x 757.5999755859375
17:58:05.875 [FXGL Background Thread 1 ] DEBUG Engine               - Initializing environment variables
17:58:05.945 [FXGL Background Thread 1 ] DEBUG FXGLAssetLoaderServi - User app class for loading assets: class org.example.FlappyBirdGame
17:58:05.945 [FXGL Background Thread 1 ] DEBUG GameApplicationServi - Applying CSS: fxgl_dark.css
17:58:05.946 [FXGL Background Thread 1 ] DEBUG FXGLAssetLoaderServi - Loading from file system: jar:file:/C:/Users/SSher/.m2/repository/com/github/almasb/fxgl/17.1/fxgl-17.1.jar!/fxglassets/ui/css/fxgl_dark.css
17:58:05.998 [FXGL Background Thread 1 ] DEBUG GameApplicationServi - Initializing application scenes
17:58:06.049 [FXGL Background Thread 1 ] DEBUG GameWorld            - Game world initialized
17:58:06.125 [FXGL Background Thread 1 ] DEBUG PhysicsWorld         - Physics world initialized: appHeight=720, physics.ppm=50.0
17:58:06.125 [FXGL Background Thread 1 ] DEBUG PhysicsWorld         - Using strategy: BRUTE_FORCE
17:58:06.129 [FXGL Background Thread 1 ] DEBUG GameScene            - Game scene initialized: 1280x720
17:58:06.145 [FXGL Background Thread 1 ] DEBUG FXGL.DefaultMenu     - createMenuBodyGameMenu()
17:58:06.166 [FXGL Background Thread 1 ] DEBUG FXGL.DefaultMenu     - createOptionsMenu()
17:58:06.180 [FXGL Background Thread 1 ] DEBUG FXGLAssetLoaderServi - Loading from file system: jar:file:/C:/Users/SSher/.m2/repository/com/github/almasb/fxgl/17.1/fxgl-17.1.jar!/fxglassets/textures/particles/smoke.png
17:58:06.293 [FXGL Background Thread 1 ] DEBUG FXGLAssetLoaderServi - Loading from file system: jar:file:/C:/Users/SSher/.m2/repository/com/github/almasb/fxgl/17.1/fxgl-17.1.jar!/fxglassets/textures/particles/trace_horizontal.png
17:58:06.325 [FXGL Background Thread 1 ] DEBUG GameApplicationServi - Application scenes initialized
17:58:06.340 [FXGL Background Thread 1 ] DEBUG SystemBundleService  - Loading FXGL system data
17:58:06.345 [FXGL Background Thread 1 ] DEBUG FileSystemAccess     - Reading from: C:\Users\SSher\FlappyBird\system\fxgl.bundle
17:58:06.354 [FXGL Background Thread 1 ] DEBUG SystemBundleService  - Bundle FXGL: {}
17:58:06.354 [FXGL Background Thread 1 ] DEBUG UpdaterService       - Checking for updates
17:58:06.358 [FXGL Background Thread 4 ] DEBUG FXGLApplication      - Loading fonts
17:58:06.359 [FXGL Background Thread 1 ] DEBUG FXGLApplication      - Loading default localization
17:58:06.359 [FXGL Background Thread 4 ] DEBUG FXGLAssetLoaderServi - Loading from file system: jar:file:/C:/Users/SSher/.m2/repository/com/github/almasb/fxgl/17.1/fxgl-17.1.jar!/fxglassets/ui/fonts/VarelaRound-Regular.ttf
17:58:06.360 [FXGL Background Thread 1 ] DEBUG FXGLAssetLoaderServi - Loading from file system: jar:file:/C:/Users/SSher/.m2/repository/com/github/almasb/fxgl/17.1/fxgl-17.1.jar!/fxglassets/languages/english.lang
17:58:06.389 [FXGL Background Thread 1 ] INFO  FXGLApplication      - FXGL initialization took: 0.514 sec
17:58:06.391 [JavaFX Application Thread] DEBUG FXGLAssetLoaderServi - Loading from file system: jar:file:/C:/Users/SSher/.m2/repository/com/github/almasb/fxgl/17.1/fxgl-17.1.jar!/fxglassets/textures/fxgl_icon.png
17:58:06.417 [JavaFX Application Thread] DEBUG FXGLAssetLoaderServi - Loading from file system: jar:file:/C:/Users/SSher/.m2/repository/com/github/almasb/fxgl/17.1/fxgl-17.1.jar!/fxglassets/textures/fxgl_default_cursor.png
17:58:06.437 [JavaFX Application Thread] DEBUG Input                - Registered new binding: Screenshot - CTRL+8
17:58:06.438 [JavaFX Application Thread] DEBUG Input                - Registered new binding: System info dump - CTRL+9
17:58:06.439 [JavaFX Application Thread] DEBUG Input                - Registered new binding: Restart - CTRL+R
17:58:06.440 [JavaFX Application Thread] DEBUG Input                - Registered new binding: Toggle Debug Camera - CTRL+7
17:58:06.445 [JavaFX Application Thread] DEBUG LoopRunner           - Starting loop
17:58:06.445 [JavaFX Application Thread] DEBUG LoopRunner           - Initializing JavaFX AnimationTimerLoop
17:58:06.448 [JavaFX Application Thread] DEBUG GameApplicationServi - Starting new game
17:58:06.448 [JavaFX Application Thread] DEBUG Input                - Clearing active input actions
17:58:06.470 [JavaFX Application Thread] DEBUG GameApplicationServi - Removing overlay from FXGLStartupScene and adding to FXGLLoadingScene
17:58:06.470 [JavaFX Application Thread] DEBUG PrimaryStageWindow   - FXGLStartupScene -> FXGLLoadingScene
17:58:06.470 [JavaFX Application Thread] DEBUG GameApplicationServi - Clearing previous game
17:58:06.470 [JavaFX Application Thread] DEBUG GameScene            - Clearing game scene
17:58:06.470 [JavaFX Application Thread] DEBUG GameWorld            - Clearing game world
17:58:06.470 [JavaFX Application Thread] DEBUG PhysicsWorld         - Clearing physics world
17:58:06.472 [FXGL Background Thread 1 ] DEBUG FXGLApplication      - Initializing game
17:58:06.474 [FXGL Background Thread 4 ] DEBUG FXGLAssetLoaderServi - Loading from file system: jar:file:/C:/Users/SSher/.m2/repository/com/github/almasb/fxgl/17.1/fxgl-17.1.jar!/fxglassets/ui/fonts/Abel-Regular.ttf
17:58:06.484 [FXGL Background Thread 1 ] DEBUG FXGLAssetLoaderServi - Loading from file system: file:/C:/Users/SSher/FlappyBird/target/classes/assets/textures/bird.png
17:58:06.487 [FXGL Background Thread 4 ] DEBUG FXGLAssetLoaderServi - Loading from file system: jar:file:/C:/Users/SSher/.m2/repository/com/github/almasb/fxgl/17.1/fxgl-17.1.jar!/fxglassets/ui/fonts/TerminalLandMono-Regular.otf
17:58:06.501 [FXGL Background Thread 4 ] DEBUG FXGLAssetLoaderServi - Loading from file system: jar:file:/C:/Users/SSher/.m2/repository/com/github/almasb/fxgl/17.1/fxgl-17.1.jar!/fxglassets/ui/fonts/Courier-Prime.ttf
17:58:06.542 [FXGL Background Thread 1 ] WARN  GameWorld            - Entity is already attached to world
17:58:06.542 [FXGL Background Thread 1 ] INFO  FXGLApplication      - Game initialization took: 0.070 sec
17:58:06.554 [JavaFX Application Thread] DEBUG FXGLApplication      - Registering font factories with UI factory
17:58:06.556 [JavaFX Application Thread] DEBUG Input                - Clearing active input actions
17:58:06.566 [JavaFX Application Thread] DEBUG GameApplicationServi - Removing overlay from FXGLLoadingScene and adding to GameScene
17:58:06.566 [JavaFX Application Thread] DEBUG PrimaryStageWindow   - FXGLLoadingScene -> GameScene
17:58:06.767 [FXGL Background Thread 2 ] INFO  UpdaterService       - Your current version:  17.1
17:58:06.767 [FXGL Background Thread 2 ] INFO  UpdaterService       - Latest stable version: 17.2
17:58:08.589 [JavaFX Application Thread] DEBUG FXGLApplication      - Exiting FXGL
17:58:08.589 [JavaFX Application Thread] DEBUG LoopRunner           - Stopping loop
17:58:08.589 [JavaFX Application Thread] DEBUG SystemBundleService  - Saving FXGL system data
17:58:08.592 [JavaFX Application Thread] DEBUG FileSystemAccess     - Writing to: C:\Users\SSher\FlappyBird\system\fxgl.bundle
17:58:08.597 [JavaFX Application Thread] DEBUG Async                - Shutting down background threads
17:58:08.597 [JavaFX Application Thread] DEBUG PrimaryStageWindow   - Closing main window
17:58:08.621 [JavaFX Application Thread] DEBUG Logger               - Closing Logger
