17:53:13.188 [main                     ] DEBUG Logger               - Configured Logger
17:53:13.215 [main                     ] DEBUG GameApplication      - Logging settings
Title: Flappy Bird Mock
Version: 1.0
Width: 1280
Height: 720
Fullscreen: false
Intro: false
Profiling: false
Single step:false
App Mode: DEVELOPER
Menu Key: ESCAPE
Stage Style: DECORATED
Scene Factory: class com.almasb.fxgl.app.scene.SceneFactory

17:53:13.688 [JavaFX Application Thread] DEBUG FXGLApplication      - Initializing FXGL
17:53:13.692 [JavaFX Application Thread] INFO  Engine               - FXGL-17.1 (24.03.2022 17.34) on WINDOWS (J:19.0.2 FX:18)
17:53:13.692 [JavaFX Application Thread] DEBUG Engine               - JRE Vendor Name: Oracle Corporation
17:53:13.692 [JavaFX Application Thread] DEBUG Engine               - Running on OS: Windows 11 version 10.0
17:53:13.693 [JavaFX Application Thread] DEBUG Engine               - Architecture: amd64
17:53:13.693 [JavaFX Application Thread] INFO  Engine               - Source code and latest versions at: https://github.com/AlmasB/FXGL
17:53:13.693 [JavaFX Application Thread] INFO  Engine               -       Ask questions and discuss at: https://github.com/AlmasB/FXGL/discussions
17:53:13.693 [JavaFX Application Thread] INFO  Engine               -              Join the FXGL chat at: https://gitter.im/AlmasB/FXGL
17:53:13.810 [JavaFX Application Thread] DEBUG PrimaryStageWindow   - Creating a JavaFX scene
17:53:13.869 [JavaFX Application Thread] DEBUG PrimaryStageWindow   - Target settings size: 1280.0 x 720.0
17:53:13.870 [JavaFX Application Thread] DEBUG PrimaryStageWindow   - Scaled scene size:    1280.0 x 720.0
17:53:13.871 [JavaFX Application Thread] DEBUG PrimaryStageWindow   - Scaled ratio: (1.0, 1.0)
17:53:13.873 [JavaFX Application Thread] DEBUG PrimaryStageWindow   - Set initial scene to FXGLStartupScene
17:53:13.881 [JavaFX Application Thread] DEBUG PrimaryStageWindow   - Opening main window
17:53:13.977 [JavaFX Application Thread] DEBUG PrimaryStageWindow   - Window border size: (14.4000244140625, 37.5999755859375)
17:53:13.977 [JavaFX Application Thread] DEBUG PrimaryStageWindow   - Scaled size: 1280.0 x 720.0
17:53:13.978 [JavaFX Application Thread] DEBUG PrimaryStageWindow   - Scaled ratio: (1.0, 1.0)
17:53:13.979 [JavaFX Application Thread] DEBUG PrimaryStageWindow   - Scene size: 1280.0 x 720.0
17:53:13.979 [JavaFX Application Thread] DEBUG PrimaryStageWindow   - Stage size: 1294.4000244140625 x 757.5999755859375
17:53:13.990 [FXGL Background Thread 1 ] DEBUG Engine               - Initializing environment variables
17:53:14.052 [FXGL Background Thread 1 ] DEBUG FXGLAssetLoaderServi - User app class for loading assets: class org.example.FlappyBirdGame
17:53:14.052 [FXGL Background Thread 1 ] DEBUG GameApplicationServi - Applying CSS: fxgl_dark.css
17:53:14.054 [FXGL Background Thread 1 ] DEBUG FXGLAssetLoaderServi - Loading from file system: jar:file:/C:/Users/SSher/.m2/repository/com/github/almasb/fxgl/17.1/fxgl-17.1.jar!/fxglassets/ui/css/fxgl_dark.css
17:53:14.103 [FXGL Background Thread 1 ] DEBUG GameApplicationServi - Initializing application scenes
17:53:14.170 [FXGL Background Thread 1 ] DEBUG GameWorld            - Game world initialized
17:53:14.249 [FXGL Background Thread 1 ] DEBUG PhysicsWorld         - Physics world initialized: appHeight=720, physics.ppm=50.0
17:53:14.249 [FXGL Background Thread 1 ] DEBUG PhysicsWorld         - Using strategy: BRUTE_FORCE
17:53:14.256 [FXGL Background Thread 1 ] DEBUG GameScene            - Game scene initialized: 1280x720
17:53:14.282 [FXGL Background Thread 1 ] DEBUG FXGL.DefaultMenu     - createMenuBodyGameMenu()
17:53:14.303 [FXGL Background Thread 1 ] DEBUG FXGL.DefaultMenu     - createOptionsMenu()
17:53:14.318 [FXGL Background Thread 1 ] DEBUG FXGLAssetLoaderServi - Loading from file system: jar:file:/C:/Users/SSher/.m2/repository/com/github/almasb/fxgl/17.1/fxgl-17.1.jar!/fxglassets/textures/particles/smoke.png
17:53:14.441 [FXGL Background Thread 1 ] DEBUG FXGLAssetLoaderServi - Loading from file system: jar:file:/C:/Users/SSher/.m2/repository/com/github/almasb/fxgl/17.1/fxgl-17.1.jar!/fxglassets/textures/particles/trace_horizontal.png
17:53:14.470 [FXGL Background Thread 1 ] DEBUG GameApplicationServi - Application scenes initialized
17:53:14.485 [FXGL Background Thread 1 ] DEBUG SystemBundleService  - Loading FXGL system data
17:53:14.490 [FXGL Background Thread 1 ] DEBUG FileSystemAccess     - Reading from: C:\Users\SSher\FlappyBird\system\fxgl.bundle
17:53:14.500 [FXGL Background Thread 1 ] DEBUG SystemBundleService  - Bundle FXGL: {}
17:53:14.500 [FXGL Background Thread 1 ] DEBUG UpdaterService       - Checking for updates
17:53:14.504 [FXGL Background Thread 4 ] DEBUG FXGLApplication      - Loading fonts
17:53:14.504 [FXGL Background Thread 4 ] DEBUG FXGLAssetLoaderServi - Loading from file system: jar:file:/C:/Users/SSher/.m2/repository/com/github/almasb/fxgl/17.1/fxgl-17.1.jar!/fxglassets/ui/fonts/VarelaRound-Regular.ttf
17:53:14.505 [FXGL Background Thread 1 ] DEBUG FXGLApplication      - Loading default localization
17:53:14.506 [FXGL Background Thread 1 ] DEBUG FXGLAssetLoaderServi - Loading from file system: jar:file:/C:/Users/SSher/.m2/repository/com/github/almasb/fxgl/17.1/fxgl-17.1.jar!/fxglassets/languages/english.lang
17:53:14.537 [FXGL Background Thread 1 ] INFO  FXGLApplication      - FXGL initialization took: 0.547 sec
17:53:14.540 [JavaFX Application Thread] DEBUG FXGLAssetLoaderServi - Loading from file system: jar:file:/C:/Users/SSher/.m2/repository/com/github/almasb/fxgl/17.1/fxgl-17.1.jar!/fxglassets/textures/fxgl_icon.png
17:53:14.565 [JavaFX Application Thread] DEBUG FXGLAssetLoaderServi - Loading from file system: jar:file:/C:/Users/SSher/.m2/repository/com/github/almasb/fxgl/17.1/fxgl-17.1.jar!/fxglassets/textures/fxgl_default_cursor.png
17:53:14.587 [JavaFX Application Thread] DEBUG Input                - Registered new binding: Screenshot - CTRL+8
17:53:14.588 [JavaFX Application Thread] DEBUG Input                - Registered new binding: System info dump - CTRL+9
17:53:14.589 [JavaFX Application Thread] DEBUG Input                - Registered new binding: Restart - CTRL+R
17:53:14.591 [JavaFX Application Thread] DEBUG Input                - Registered new binding: Toggle Debug Camera - CTRL+7
17:53:14.595 [JavaFX Application Thread] DEBUG LoopRunner           - Starting loop
17:53:14.595 [JavaFX Application Thread] DEBUG LoopRunner           - Initializing JavaFX AnimationTimerLoop
17:53:14.599 [JavaFX Application Thread] DEBUG GameApplicationServi - Starting new game
17:53:14.599 [JavaFX Application Thread] DEBUG Input                - Clearing active input actions
17:53:14.626 [JavaFX Application Thread] DEBUG GameApplicationServi - Removing overlay from FXGLStartupScene and adding to FXGLLoadingScene
17:53:14.627 [JavaFX Application Thread] DEBUG PrimaryStageWindow   - FXGLStartupScene -> FXGLLoadingScene
17:53:14.627 [JavaFX Application Thread] DEBUG GameApplicationServi - Clearing previous game
17:53:14.628 [JavaFX Application Thread] DEBUG GameScene            - Clearing game scene
17:53:14.628 [JavaFX Application Thread] DEBUG GameWorld            - Clearing game world
17:53:14.628 [JavaFX Application Thread] DEBUG PhysicsWorld         - Clearing physics world
17:53:14.630 [FXGL Background Thread 1 ] DEBUG FXGLApplication      - Initializing game
17:53:14.640 [FXGL Background Thread 4 ] DEBUG FXGLAssetLoaderServi - Loading from file system: jar:file:/C:/Users/SSher/.m2/repository/com/github/almasb/fxgl/17.1/fxgl-17.1.jar!/fxglassets/ui/fonts/Abel-Regular.ttf
17:53:14.641 [FXGL Background Thread 1 ] DEBUG FXGLAssetLoaderServi - Loading from file system: file:/C:/Users/SSher/FlappyBird/target/classes/assets/textures/bird.png
17:53:14.653 [FXGL Background Thread 4 ] DEBUG FXGLAssetLoaderServi - Loading from file system: jar:file:/C:/Users/SSher/.m2/repository/com/github/almasb/fxgl/17.1/fxgl-17.1.jar!/fxglassets/ui/fonts/TerminalLandMono-Regular.otf
17:53:14.665 [FXGL Background Thread 4 ] DEBUG FXGLAssetLoaderServi - Loading from file system: jar:file:/C:/Users/SSher/.m2/repository/com/github/almasb/fxgl/17.1/fxgl-17.1.jar!/fxglassets/ui/fonts/Courier-Prime.ttf
17:53:14.696 [FXGL Background Thread 1 ] WARN  GameWorld            - Entity is already attached to world
17:53:14.696 [FXGL Background Thread 1 ] INFO  FXGLApplication      - Game initialization took: 0.067 sec
17:53:14.703 [JavaFX Application Thread] DEBUG FXGLApplication      - Registering font factories with UI factory
17:53:14.710 [JavaFX Application Thread] DEBUG Input                - Clearing active input actions
17:53:14.722 [JavaFX Application Thread] DEBUG GameApplicationServi - Removing overlay from FXGLLoadingScene and adding to GameScene
17:53:14.722 [JavaFX Application Thread] DEBUG PrimaryStageWindow   - FXGLLoadingScene -> GameScene
17:53:14.923 [FXGL Background Thread 2 ] INFO  UpdaterService       - Your current version:  17.1
17:53:14.924 [FXGL Background Thread 2 ] INFO  UpdaterService       - Latest stable version: 17.2
17:53:17.223 [JavaFX Application Thread] DEBUG FXGLApplication      - Exiting FXGL
17:53:17.223 [JavaFX Application Thread] DEBUG LoopRunner           - Stopping loop
17:53:17.223 [JavaFX Application Thread] DEBUG SystemBundleService  - Saving FXGL system data
17:53:17.229 [JavaFX Application Thread] DEBUG FileSystemAccess     - Writing to: C:\Users\SSher\FlappyBird\system\fxgl.bundle
17:53:17.232 [JavaFX Application Thread] DEBUG Async                - Shutting down background threads
17:53:17.232 [JavaFX Application Thread] DEBUG PrimaryStageWindow   - Closing main window
17:53:17.248 [JavaFX Application Thread] DEBUG Logger               - Closing Logger
